Started GET "/" for ::1 at 2016-11-04 13:38:58 -0700
  [1m[36mActiveRecord::SchemaMigration Load (0.2ms)[0m  [1m[34mSELECT "schema_migrations".* FROM "schema_migrations"[0m
Processing by StaticPagesController#home as HTML
  Rendering static_pages/home.html.erb within layouts/application
  Rendered static_pages/home.html.erb within layouts/application (5.5ms)
  Rendered layouts/_shim.html.erb (0.6ms)
  [1m[36mUser Load (0.5ms)[0m  [1m[34mSELECT  "users".* FROM "users" WHERE "users"."id" IS NULL LIMIT ?[0m  [["LIMIT", 1]]
  Rendered layouts/_header.html.erb (17.2ms)
  Rendered layouts/_footer.html.erb (0.4ms)
Completed 200 OK in 3747ms (Views: 3733.1ms | ActiveRecord: 0.7ms)


Started GET "/login" for ::1 at 2016-11-04 13:39:06 -0700
Processing by SessionsController#new as HTML
  Rendering sessions/new.html.erb within layouts/application
  Rendered sessions/new.html.erb within layouts/application (34.2ms)
  Rendered layouts/_shim.html.erb (0.3ms)
  [1m[36mUser Load (0.3ms)[0m  [1m[34mSELECT  "users".* FROM "users" WHERE "users"."id" IS NULL LIMIT ?[0m  [["LIMIT", 1]]
  Rendered layouts/_header.html.erb (1.6ms)
  Rendered layouts/_footer.html.erb (0.2ms)
Completed 200 OK in 88ms (Views: 81.5ms | ActiveRecord: 0.3ms)


  [1m[36mActiveRecord::SchemaMigration Load (0.2ms)[0m  [1m[34mSELECT "schema_migrations".* FROM "schema_migrations"[0m
  [1m[36mActiveRecord::InternalMetadata Load (0.2ms)[0m  [1m[34mSELECT  "ar_internal_metadata".* FROM "ar_internal_metadata" WHERE "ar_internal_metadata"."key" = ? LIMIT ?[0m  [["key", :environment], ["LIMIT", 1]]
  [1m[35m (0.0ms)[0m  [1m[36mbegin transaction[0m
  [1m[35m (0.0ms)[0m  [1m[36mcommit transaction[0m
  [1m[36mActiveRecord::SchemaMigration Load (0.1ms)[0m  [1m[34mSELECT "schema_migrations".* FROM "schema_migrations"[0m
  [1m[35m (0.1ms)[0m  [1m[34m            SELECT sql
            FROM sqlite_master
            WHERE name='index_users_on_email' AND type='index'
            UNION ALL
            SELECT sql
            FROM sqlite_temp_master
            WHERE name='index_users_on_email' AND type='index'
[0m
Started GET "/" for ::1 at 2016-11-04 14:11:45 -0700
Processing by StaticPagesController#home as HTML
  Rendering static_pages/home.html.erb within layouts/application
  Rendered static_pages/home.html.erb within layouts/application (0.8ms)
  Rendered layouts/_shim.html.erb (0.6ms)
  [1m[36mUser Load (0.3ms)[0m  [1m[34mSELECT  "users".* FROM "users" WHERE "users"."id" IS NULL LIMIT ?[0m  [["LIMIT", 1]]
  Rendered layouts/_header.html.erb (9.0ms)
  Rendered layouts/_footer.html.erb (0.4ms)
Completed 200 OK in 122ms (Views: 114.5ms | ActiveRecord: 1.0ms)


  [1m[36mActiveRecord::SchemaMigration Load (0.4ms)[0m  [1m[34mSELECT "schema_migrations".* FROM "schema_migrations"[0m
Migrating to AddRememberDigestToUsers (20161112005906)
  [1m[35m (0.1ms)[0m  [1m[36mbegin transaction[0m
  [1m[35m (0.6ms)[0m  [1m[35mALTER TABLE "users" ADD "remember_digest" varchar[0m
  [1m[35mSQL (0.4ms)[0m  [1m[32mINSERT INTO "schema_migrations" ("version") VALUES (?)[0m  [["version", "20161112005906"]]
  [1m[35m (0.7ms)[0m  [1m[36mcommit transaction[0m
  [1m[36mActiveRecord::InternalMetadata Load (0.2ms)[0m  [1m[34mSELECT  "ar_internal_metadata".* FROM "ar_internal_metadata" WHERE "ar_internal_metadata"."key" = ? LIMIT ?[0m  [["key", :environment], ["LIMIT", 1]]
  [1m[35m (0.1ms)[0m  [1m[36mbegin transaction[0m
  [1m[35m (0.1ms)[0m  [1m[36mcommit transaction[0m
  [1m[36mActiveRecord::SchemaMigration Load (0.1ms)[0m  [1m[34mSELECT "schema_migrations".* FROM "schema_migrations"[0m
  [1m[35m (0.1ms)[0m  [1m[34m            SELECT sql
            FROM sqlite_master
            WHERE name='index_users_on_email' AND type='index'
            UNION ALL
            SELECT sql
            FROM sqlite_temp_master
            WHERE name='index_users_on_email' AND type='index'
[0m
Started GET "/" for ::1 at 2016-11-11 17:07:50 -0800
  [1m[36mActiveRecord::SchemaMigration Load (0.1ms)[0m  [1m[34mSELECT "schema_migrations".* FROM "schema_migrations"[0m
Processing by StaticPagesController#home as HTML
  Rendering static_pages/home.html.erb within layouts/application
  Rendered static_pages/home.html.erb within layouts/application (5.6ms)
  Rendered layouts/_shim.html.erb (0.6ms)
  Rendered layouts/_header.html.erb (7.1ms)
  Rendered layouts/_footer.html.erb (0.5ms)
Completed 200 OK in 414ms (Views: 400.8ms | ActiveRecord: 0.0ms)


Started GET "/login" for ::1 at 2016-11-11 17:07:53 -0800
Processing by SessionsController#new as HTML
  Rendering sessions/new.html.erb within layouts/application
  Rendered sessions/new.html.erb within layouts/application (45.1ms)
  Rendered layouts/_shim.html.erb (0.3ms)
  Rendered layouts/_header.html.erb (1.0ms)
  Rendered layouts/_footer.html.erb (1.2ms)
Completed 200 OK in 125ms (Views: 116.1ms | ActiveRecord: 0.0ms)


Started GET "/" for ::1 at 2016-11-11 17:08:31 -0800
Processing by StaticPagesController#home as HTML
  Rendering static_pages/home.html.erb within layouts/application
  Rendered static_pages/home.html.erb within layouts/application (1.0ms)
  Rendered layouts/_shim.html.erb (0.5ms)
  Rendered layouts/_header.html.erb (1.3ms)
  Rendered layouts/_footer.html.erb (0.4ms)
Completed 200 OK in 55ms (Views: 53.3ms | ActiveRecord: 0.0ms)


Started GET "/login" for ::1 at 2016-11-11 17:08:34 -0800
Processing by SessionsController#new as HTML
  Rendering sessions/new.html.erb within layouts/application
  Rendered sessions/new.html.erb within layouts/application (31.7ms)
  Rendered layouts/_shim.html.erb (0.5ms)
  Rendered layouts/_header.html.erb (1.1ms)
  Rendered layouts/_footer.html.erb (0.3ms)
Completed 200 OK in 97ms (Views: 95.4ms | ActiveRecord: 0.0ms)


Started GET "/login" for ::1 at 2016-11-11 17:09:11 -0800
Processing by SessionsController#new as HTML
  Rendering sessions/new.html.erb within layouts/application
  Rendered sessions/new.html.erb within layouts/application (2.0ms)
  Rendered layouts/_shim.html.erb (0.4ms)
  Rendered layouts/_header.html.erb (0.8ms)
  Rendered layouts/_footer.html.erb (0.3ms)
Completed 200 OK in 1798ms (Views: 1796.0ms | ActiveRecord: 0.0ms)


Started GET "/login" for ::1 at 2016-11-11 17:10:55 -0800
  
SyntaxError (/Users/rakshitgarg/GitHub/Mrkt/app/controllers/sessions_controller.rb:7: syntax error, unexpected '?'
    ?user = User.find_by(email: params[:session][:email].downcase)
     ^
/Users/rakshitgarg/GitHub/Mrkt/app/controllers/sessions_controller.rb:8: syntax error, unexpected '?'
    if ?user && ?user.authenticate(params[:session][:password])
        ^
/Users/rakshitgarg/GitHub/Mrkt/app/controllers/sessions_controller.rb:10: syntax error, unexpected tIDENTIFIER, expecting ':'
      params[:session][:remember_me] == '...
            ^
/Users/rakshitgarg/GitHub/Mrkt/app/controllers/sessions_controller.rb:10: syntax error, unexpected '?', expecting ')'
...emember_me] == '1' ? remember(?user) : forget(?user)
...                               ^
/Users/rakshitgarg/GitHub/Mrkt/app/controllers/sessions_controller.rb:12: syntax error, unexpected keyword_else, expecting ':'
/Users/rakshitgarg/GitHub/Mrkt/app/controllers/sessions_controller.rb:22: syntax error, unexpected keyword_end, expecting end-of-input):
  
app/controllers/sessions_controller.rb:7: syntax error, unexpected '?'
app/controllers/sessions_controller.rb:8: syntax error, unexpected '?'
app/controllers/sessions_controller.rb:10: syntax error, unexpected tIDENTIFIER, expecting ':'
app/controllers/sessions_controller.rb:10: syntax error, unexpected '?', expecting ')'
app/controllers/sessions_controller.rb:12: syntax error, unexpected keyword_else, expecting ':'
app/controllers/sessions_controller.rb:22: syntax error, unexpected keyword_end, expecting end-of-input
  Rendering /Users/rakshitgarg/.rvm/gems/ruby-2.3.1@global/gems/actionpack-5.0.0.1/lib/action_dispatch/middleware/templates/rescues/diagnostics.html.erb within rescues/layout
  Rendering /Users/rakshitgarg/.rvm/gems/ruby-2.3.1@global/gems/actionpack-5.0.0.1/lib/action_dispatch/middleware/templates/rescues/_source.html.erb
  Rendered /Users/rakshitgarg/.rvm/gems/ruby-2.3.1@global/gems/actionpack-5.0.0.1/lib/action_dispatch/middleware/templates/rescues/_source.html.erb (3.5ms)
  Rendering /Users/rakshitgarg/.rvm/gems/ruby-2.3.1@global/gems/actionpack-5.0.0.1/lib/action_dispatch/middleware/templates/rescues/_trace.html.erb
  Rendered /Users/rakshitgarg/.rvm/gems/ruby-2.3.1@global/gems/actionpack-5.0.0.1/lib/action_dispatch/middleware/templates/rescues/_trace.html.erb (2.3ms)
  Rendering /Users/rakshitgarg/.rvm/gems/ruby-2.3.1@global/gems/actionpack-5.0.0.1/lib/action_dispatch/middleware/templates/rescues/_request_and_response.html.erb
  Rendered /Users/rakshitgarg/.rvm/gems/ruby-2.3.1@global/gems/actionpack-5.0.0.1/lib/action_dispatch/middleware/templates/rescues/_request_and_response.html.erb (1.1ms)
  Rendered /Users/rakshitgarg/.rvm/gems/ruby-2.3.1@global/gems/actionpack-5.0.0.1/lib/action_dispatch/middleware/templates/rescues/diagnostics.html.erb within rescues/layout (86.9ms)
Started GET "/signup" for ::1 at 2016-11-11 17:11:11 -0800
Processing by UsersController#new as HTML
  Rendering users/new.html.erb within layouts/application
  Rendered shared/_error_messages.html.erb (0.7ms)
  Rendered users/new.html.erb within layouts/application (8.2ms)
  Rendered layouts/_shim.html.erb (0.4ms)
  Rendered layouts/_header.html.erb (0.9ms)
  Rendered layouts/_footer.html.erb (0.4ms)
Completed 200 OK in 83ms (Views: 58.5ms | ActiveRecord: 1.0ms)


Started GET "/signup" for ::1 at 2016-11-11 17:11:11 -0800
Processing by UsersController#new as HTML
  Rendering users/new.html.erb within layouts/application
  Rendered shared/_error_messages.html.erb (0.6ms)
  Rendered users/new.html.erb within layouts/application (8.2ms)
  Rendered layouts/_shim.html.erb (0.6ms)
  Rendered layouts/_header.html.erb (1.4ms)
  Rendered layouts/_footer.html.erb (0.4ms)
Completed 200 OK in 69ms (Views: 66.3ms | ActiveRecord: 0.0ms)


Started GET "/login" for ::1 at 2016-11-11 17:11:14 -0800
  
SyntaxError (/Users/rakshitgarg/GitHub/Mrkt/app/controllers/sessions_controller.rb:7: syntax error, unexpected '?'
    ?user = User.find_by(email: params[:session][:email].downcase)
     ^
/Users/rakshitgarg/GitHub/Mrkt/app/controllers/sessions_controller.rb:8: syntax error, unexpected '?'
    if ?user && ?user.authenticate(params[:session][:password])
        ^
/Users/rakshitgarg/GitHub/Mrkt/app/controllers/sessions_controller.rb:10: syntax error, unexpected tIDENTIFIER, expecting ':'
      params[:session][:remember_me] == '...
            ^
/Users/rakshitgarg/GitHub/Mrkt/app/controllers/sessions_controller.rb:10: syntax error, unexpected '?', expecting ')'
...emember_me] == '1' ? remember(?user) : forget(?user)
...                               ^
/Users/rakshitgarg/GitHub/Mrkt/app/controllers/sessions_controller.rb:12: syntax error, unexpected keyword_else, expecting ':'
/Users/rakshitgarg/GitHub/Mrkt/app/controllers/sessions_controller.rb:22: syntax error, unexpected keyword_end, expecting end-of-input):
  
app/controllers/sessions_controller.rb:7: syntax error, unexpected '?'
app/controllers/sessions_controller.rb:8: syntax error, unexpected '?'
app/controllers/sessions_controller.rb:10: syntax error, unexpected tIDENTIFIER, expecting ':'
app/controllers/sessions_controller.rb:10: syntax error, unexpected '?', expecting ')'
app/controllers/sessions_controller.rb:12: syntax error, unexpected keyword_else, expecting ':'
app/controllers/sessions_controller.rb:22: syntax error, unexpected keyword_end, expecting end-of-input
  Rendering /Users/rakshitgarg/.rvm/gems/ruby-2.3.1@global/gems/actionpack-5.0.0.1/lib/action_dispatch/middleware/templates/rescues/diagnostics.html.erb within rescues/layout
  Rendering /Users/rakshitgarg/.rvm/gems/ruby-2.3.1@global/gems/actionpack-5.0.0.1/lib/action_dispatch/middleware/templates/rescues/_source.html.erb
  Rendered /Users/rakshitgarg/.rvm/gems/ruby-2.3.1@global/gems/actionpack-5.0.0.1/lib/action_dispatch/middleware/templates/rescues/_source.html.erb (5.2ms)
  Rendering /Users/rakshitgarg/.rvm/gems/ruby-2.3.1@global/gems/actionpack-5.0.0.1/lib/action_dispatch/middleware/templates/rescues/_trace.html.erb
  Rendered /Users/rakshitgarg/.rvm/gems/ruby-2.3.1@global/gems/actionpack-5.0.0.1/lib/action_dispatch/middleware/templates/rescues/_trace.html.erb (2.0ms)
  Rendering /Users/rakshitgarg/.rvm/gems/ruby-2.3.1@global/gems/actionpack-5.0.0.1/lib/action_dispatch/middleware/templates/rescues/_request_and_response.html.erb
  Rendered /Users/rakshitgarg/.rvm/gems/ruby-2.3.1@global/gems/actionpack-5.0.0.1/lib/action_dispatch/middleware/templates/rescues/_request_and_response.html.erb (1.5ms)
  Rendered /Users/rakshitgarg/.rvm/gems/ruby-2.3.1@global/gems/actionpack-5.0.0.1/lib/action_dispatch/middleware/templates/rescues/diagnostics.html.erb within rescues/layout (89.9ms)
Started GET "/login" for ::1 at 2016-11-11 17:12:45 -0800
Processing by SessionsController#new as HTML
  Rendering sessions/new.html.erb within layouts/application
  Rendered sessions/new.html.erb within layouts/application (2.1ms)
  Rendered layouts/_shim.html.erb (0.4ms)
  Rendered layouts/_header.html.erb (0.8ms)
  Rendered layouts/_footer.html.erb (0.2ms)
Completed 200 OK in 51ms (Views: 49.7ms | ActiveRecord: 0.0ms)


  [1m[36mActiveRecord::SchemaMigration Load (0.2ms)[0m  [1m[34mSELECT "schema_migrations".* FROM "schema_migrations"[0m
  [1m[36mActiveRecord::InternalMetadata Load (0.2ms)[0m  [1m[34mSELECT  "ar_internal_metadata".* FROM "ar_internal_metadata" WHERE "ar_internal_metadata"."key" = ? LIMIT ?[0m  [["key", :environment], ["LIMIT", 1]]
  [1m[35m (0.1ms)[0m  [1m[36mbegin transaction[0m
  [1m[35m (0.0ms)[0m  [1m[36mcommit transaction[0m
  [1m[36mActiveRecord::SchemaMigration Load (0.1ms)[0m  [1m[34mSELECT "schema_migrations".* FROM "schema_migrations"[0m
  [1m[35m (0.2ms)[0m  [1m[34m            SELECT sql
            FROM sqlite_master
            WHERE name='index_users_on_email' AND type='index'
            UNION ALL
            SELECT sql
            FROM sqlite_temp_master
            WHERE name='index_users_on_email' AND type='index'
[0m
